2023-11-13T13:14:16.4608980+02:00 [INF] (Serilog.AspNetCore.RequestLoggingMiddleware) HTTP "GET" "/swagger" responded 301 in 492.2956 ms
2023-11-13T13:14:16.7146427+02:00 [INF] (Serilog.AspNetCore.RequestLoggingMiddleware) HTTP "GET" "/swagger/index.html" responded 200 in 156.3342 ms
2023-11-13T13:14:16.7549594+02:00 [INF] (Serilog.AspNetCore.RequestLoggingMiddleware) HTTP "GET" "/swagger/swagger-ui-standalone-preset.js" responded 200 in 29.5417 ms
2023-11-13T13:14:16.7549078+02:00 [INF] (Serilog.AspNetCore.RequestLoggingMiddleware) HTTP "GET" "/swagger/swagger-ui.css" responded 200 in 29.4908 ms
2023-11-13T13:14:16.7725858+02:00 [INF] (Serilog.AspNetCore.RequestLoggingMiddleware) HTTP "GET" "/swagger/swagger-ui-bundle.js" responded 200 in 47.1591 ms
2023-11-13T13:14:16.9387017+02:00 [INF] (Serilog.AspNetCore.RequestLoggingMiddleware) HTTP "GET" "/swagger/favicon-32x32.png" responded 200 in 0.8760 ms
2023-11-13T13:14:17.0252570+02:00 [INF] (Serilog.AspNetCore.RequestLoggingMiddleware) HTTP "GET" "/swagger/v1/swagger.json" responded 200 in 96.3765 ms
2023-11-13T13:42:37.4208600+02:00 [INF] (Serilog.AspNetCore.RequestLoggingMiddleware) HTTP "GET" "/swagger/index.html" responded 200 in 225.1955 ms
2023-11-13T13:42:37.6977943+02:00 [INF] (Serilog.AspNetCore.RequestLoggingMiddleware) HTTP "GET" "/swagger/v1/swagger.json" responded 200 in 82.4767 ms
2023-11-13T13:43:25.2245883+02:00 [INF] (Serilog.AspNetCore.RequestLoggingMiddleware) HTTP "POST" "/api/authentcate/api/sign-in" responded 400 in 26340.3505 ms
2023-11-13T13:44:00.3856421+02:00 [INF] (Serilog.AspNetCore.RequestLoggingMiddleware) HTTP "POST" "/api/authentcate/api/sign-in" responded 400 in 4779.6344 ms
2023-11-13T13:48:21.3062062+02:00 [INF] (Serilog.AspNetCore.RequestLoggingMiddleware) HTTP "GET" "/swagger/index.html" responded 200 in 588.2157 ms
2023-11-13T13:48:21.5176994+02:00 [INF] (Serilog.AspNetCore.RequestLoggingMiddleware) HTTP "GET" "/swagger/v1/swagger.json" responded 200 in 97.7895 ms
2023-11-13T13:49:37.7914846+02:00 [INF] (Serilog.AspNetCore.RequestLoggingMiddleware) HTTP "GET" "/swagger/index.html" responded 200 in 210.4518 ms
2023-11-13T13:49:38.0137107+02:00 [INF] (Serilog.AspNetCore.RequestLoggingMiddleware) HTTP "GET" "/swagger/v1/swagger.json" responded 200 in 84.1786 ms
2023-11-13T13:50:21.2237879+02:00 [INF] (Serilog.AspNetCore.RequestLoggingMiddleware) HTTP "POST" "/signIn" responded 200 in 18612.9959 ms
2023-11-13T13:51:06.1545378+02:00 [INF] (Serilog.AspNetCore.RequestLoggingMiddleware) HTTP "GET" "/swagger/index.html" responded 200 in 237.8950 ms
2023-11-13T13:51:06.3718568+02:00 [INF] (Serilog.AspNetCore.RequestLoggingMiddleware) HTTP "GET" "/swagger/v1/swagger.json" responded 200 in 93.8843 ms
2023-11-13T13:57:47.3472440+02:00 [INF] (Serilog.AspNetCore.RequestLoggingMiddleware) HTTP "GET" "/swagger/index.html" responded 200 in 565.2033 ms
2023-11-13T13:57:47.4268934+02:00 [INF] (Serilog.AspNetCore.RequestLoggingMiddleware) HTTP "GET" "/Files/Swagger/swagger.css" responded 200 in 37.5638 ms
2023-11-13T13:57:47.5883187+02:00 [INF] (Serilog.AspNetCore.RequestLoggingMiddleware) HTTP "GET" "/swagger/v1/swagger.json" responded 200 in 83.0491 ms
2023-11-13T14:25:03.8125531+02:00 [INF] (Serilog.AspNetCore.RequestLoggingMiddleware) HTTP "GET" "/swagger/index.html" responded 200 in 221.3261 ms
2023-11-13T14:25:04.0482704+02:00 [INF] (Serilog.AspNetCore.RequestLoggingMiddleware) HTTP "GET" "/swagger/v1/swagger.json" responded 200 in 92.1514 ms
2023-11-13T14:27:07.5556625+02:00 [INF] (Serilog.AspNetCore.RequestLoggingMiddleware) HTTP "POST" "/api/authentcate/signIn" responded 200 in 14939.7505 ms
2023-11-13T14:27:25.1315787+02:00 [INF] (Serilog.AspNetCore.RequestLoggingMiddleware) HTTP "POST" "/api/authentcate/signIn" responded 400 in 4387.2651 ms
